<?xml version="1.0" encoding="UTF-8"?>
<!-- Generated by org.testng.reporters.JUnitXMLReporter -->
<testsuite hostname="TCOEAuto14" name="Default test" tests="5" failures="0" timestamp="2 Oct 2019 19:51:13 GMT" time="3.938" errors="0">
  <testcase name="get_user_one" time="2.811" classname="josn.sample.GlobalLogic"/>
  <testcase name="get_users" time="0.129" classname="josn.sample.GlobalLogic"/>
  <testcase name="post_incorrectuser" time="0.341" classname="josn.sample.GlobalLogic"/>
  <testcase name="post_user" time="0.316" classname="josn.sample.GlobalLogic"/>
  <testcase name="put_user" time="0.319" classname="josn.sample.GlobalLogic"/>
</testsuite> <!-- Default test -->
